app/build/intermediates/manifest_merge_blame_file/debug/processDebugMainManifest/manifest-merger-blame-debug-report.txt
1<?xml version="1.0" encoding="utf-8"?>
2<manifest xmlns:android="http://schemas.android.com/apk/res/android"
3    package="com.warehouse.pda"
4    android:versionCode="1"
5    android:versionName="0.1.0" >
6
7    <uses-sdk
8        android:minSdkVersion="26"
9        android:targetSdkVersion="35" />
10
11    <uses-permission android:name="android.permission.INTERNET" />
11-->src/main/AndroidManifest.xml:4:5-67
11-->src/main/AndroidManifest.xml:4:22-64
12
13    <permission
13-->[androidx.core:core:1.13.1] AndroidManifest.xml:22:5-24:47
14        android:name="com.warehouse.pda.DYNAMIC_RECEIVER_NOT_EXPORTED_PERMISSION"
14-->[androidx.core:core:1.13.1] AndroidManifest.xml:23:9-81
15        android:protectionLevel="signature" />
15-->[androidx.core:core:1.13.1] AndroidManifest.xml:24:9-44
16
17    <uses-permission android:name="com.warehouse.pda.DYNAMIC_RECEIVER_NOT_EXPORTED_PERMISSION" />
17-->[androidx.core:core:1.13.1] AndroidManifest.xml:26:5-97
17-->[androidx.core:core:1.13.1] AndroidManifest.xml:26:22-94
18
19    <application
19-->src/main/AndroidManifest.xml:6:5-21:19
20        android:allowBackup="true"
20-->src/main/AndroidManifest.xml:7:9-35
21        android:appComponentFactory="androidx.core.app.CoreComponentFactory"
21-->[androidx.core:core:1.13.1] AndroidManifest.xml:28:18-86
22        android:debuggable="true"
23        android:extractNativeLibs="false"
24        android:label="仓库PDA"
24-->src/main/AndroidManifest.xml:8:9-30
25        android:supportsRtl="true"
25-->src/main/AndroidManifest.xml:9:9-35
26        android:theme="@android:style/Theme.DeviceDefault.NoActionBar"
26-->src/main/AndroidManifest.xml:10:9-71
27        android:usesCleartextTraffic="true" >
27-->src/main/AndroidManifest.xml:11:9-44
28        <activity
28-->src/main/AndroidManifest.xml:12:9-20:20
29            android:name="com.warehouse.pda.MainActivity"
29-->src/main/AndroidManifest.xml:13:13-41
30            android:exported="true" >
30-->src/main/AndroidManifest.xml:14:13-36
31            <intent-filter>
31-->src/main/AndroidManifest.xml:15:13-19:29
32                <action android:name="android.intent.action.MAIN" />
32-->src/main/AndroidManifest.xml:16:17-69
32-->src/main/AndroidManifest.xml:16:25-66
33
34                <category android:name="android.intent.category.LAUNCHER" />
34-->src/main/AndroidManifest.xml:18:17-77
34-->src/main/AndroidManifest.xml:18:27-74
35            </intent-filter>
36        </activity>
37
38        <provider
38-->[androidx.emoji2:emoji2:1.3.0] AndroidManifest.xml:24:9-32:20
39            android:name="androidx.startup.InitializationProvider"
39-->[androidx.emoji2:emoji2:1.3.0] AndroidManifest.xml:25:13-67
40            android:authorities="com.warehouse.pda.androidx-startup"
40-->[androidx.emoji2:emoji2:1.3.0] AndroidManifest.xml:26:13-68
41            android:exported="false" >
41-->[androidx.emoji2:emoji2:1.3.0] AndroidManifest.xml:27:13-37
42            <meta-data
42-->[androidx.emoji2:emoji2:1.3.0] AndroidManifest.xml:29:13-31:52
43                android:name="androidx.emoji2.text.EmojiCompatInitializer"
43-->[androidx.emoji2:emoji2:1.3.0] AndroidManifest.xml:30:17-75
44                android:value="androidx.startup" />
44-->[androidx.emoji2:emoji2:1.3.0] AndroidManifest.xml:31:17-49
45            <meta-data
45-->[androidx.lifecycle:lifecycle-process:2.8.4] AndroidManifest.xml:29:13-31:52
46                android:name="androidx.lifecycle.ProcessLifecycleInitializer"
46-->[androidx.lifecycle:lifecycle-process:2.8.4] AndroidManifest.xml:30:17-78
47                android:value="androidx.startup" />
47-->[androidx.lifecycle:lifecycle-process:2.8.4] AndroidManifest.xml:31:17-49
48            <meta-data
48-->[androidx.profileinstaller:profileinstaller:1.3.1] AndroidManifest.xml:29:13-31:52
49                android:name="androidx.profileinstaller.ProfileInstallerInitializer"
49-->[androidx.profileinstaller:profileinstaller:1.3.1] AndroidManifest.xml:30:17-85
50                android:value="androidx.startup" />
50-->[androidx.profileinstaller:profileinstaller:1.3.1] AndroidManifest.xml:31:17-49
51        </provider>
52
53        <activity
53-->[androidx.compose.ui:ui-test-manifest:1.7.3] AndroidManifest.xml:23:9-25:39
54            android:name="androidx.activity.ComponentActivity"
54-->[androidx.compose.ui:ui-test-manifest:1.7.3] AndroidManifest.xml:24:13-63
55            android:exported="true" />
55-->[androidx.compose.ui:ui-test-manifest:1.7.3] AndroidManifest.xml:25:13-36
56        <activity
56-->[androidx.compose.ui:ui-tooling-android:1.7.3] AndroidManifest.xml:23:9-25:39
57            android:name="androidx.compose.ui.tooling.PreviewActivity"
57-->[androidx.compose.ui:ui-tooling-android:1.7.3] AndroidManifest.xml:24:13-71
58            android:exported="true" />
58-->[androidx.compose.ui:ui-tooling-android:1.7.3] AndroidManifest.xml:25:13-36
59
60        <receiver
60-->[androidx.profileinstaller:profileinstaller:1.3.1] AndroidManifest.xml:34:9-52:20
61            android:name="androidx.profileinstaller.ProfileInstallReceiver"
61-->[androidx.profileinstaller:profileinstaller:1.3.1] AndroidManifest.xml:35:13-76
62            android:directBootAware="false"
62-->[androidx.profileinstaller:profileinstaller:1.3.1] AndroidManifest.xml:36:13-44
63            android:enabled="true"
63-->[androidx.profileinstaller:profileinstaller:1.3.1] AndroidManifest.xml:37:13-35
64            android:exported="true"
64-->[androidx.profileinstaller:profileinstaller:1.3.1] AndroidManifest.xml:38:13-36
65            android:permission="android.permission.DUMP" >
65-->[androidx.profileinstaller:profileinstaller:1.3.1] AndroidManifest.xml:39:13-57
66            <intent-filter>
66-->[androidx.profileinstaller:profileinstaller:1.3.1] AndroidManifest.xml:40:13-42:29
67                <action android:name="androidx.profileinstaller.action.INSTALL_PROFILE" />
67-->[androidx.profileinstaller:profileinstaller:1.3.1] AndroidManifest.xml:41:17-91
67-->[androidx.profileinstaller:profileinstaller:1.3.1] AndroidManifest.xml:41:25-88
68            </intent-filter>
69            <intent-filter>
69-->[androidx.profileinstaller:profileinstaller:1.3.1] AndroidManifest.xml:43:13-45:29
70                <action android:name="androidx.profileinstaller.action.SKIP_FILE" />
70-->[androidx.profileinstaller:profileinstaller:1.3.1] AndroidManifest.xml:44:17-85
70-->[androidx.profileinstaller:profileinstaller:1.3.1] AndroidManifest.xml:44:25-82
71            </intent-filter>
72            <intent-filter>
72-->[androidx.profileinstaller:profileinstaller:1.3.1] AndroidManifest.xml:46:13-48:29
73                <action android:name="androidx.profileinstaller.action.SAVE_PROFILE" />
73-->[androidx.profileinstaller:profileinstaller:1.3.1] AndroidManifest.xml:47:17-88
73-->[androidx.profileinstaller:profileinstaller:1.3.1] AndroidManifest.xml:47:25-85
74            </intent-filter>
75            <intent-filter>
75-->[androidx.profileinstaller:profileinstaller:1.3.1] AndroidManifest.xml:49:13-51:29
76                <action android:name="androidx.profileinstaller.action.BENCHMARK_OPERATION" />
76-->[androidx.profileinstaller:profileinstaller:1.3.1] AndroidManifest.xml:50:17-95
76-->[androidx.profileinstaller:profileinstaller:1.3.1] AndroidManifest.xml:50:25-92
77            </intent-filter>
78        </receiver>
79    </application>
80
81</manifest>